<?xml version="1.0" encoding="UTF-8"?>
<testsuite name="CategoryTest" tests="9" skipped="0" failures="0" errors="0" timestamp="2016-05-09T16:38:39" hostname="epicodus-92.local" time="0.226">
  <properties/>
  <testcase name="equals_returnsTrueIfNamesAretheSame" classname="CategoryTest" time="0.079"/>
  <testcase name="getName_categoryInstantiatesWithName_String" classname="CategoryTest" time="0.005"/>
  <testcase name="Category_instantiatesCorrectlt_true" classname="CategoryTest" time="0.005"/>
  <testcase name="getTasks_returnsAllTasks_List" classname="CategoryTest" time="0.055"/>
  <testcase name="all_emptyAtFirst" classname="CategoryTest" time="0.01"/>
  <testcase name="find_findCategoryInDatabase_true" classname="CategoryTest" time="0.016"/>
  <testcase name="save_savesIntoDatabase_true" classname="CategoryTest" time="0.015"/>
  <testcase name="save_assignsIdToObject" classname="CategoryTest" time="0.014"/>
  <testcase name="addTask_addsTaskToCategory_true" classname="CategoryTest" time="0.024"/>
  <system-out><![CDATA[]]></system-out>
  <system-err><![CDATA[]]></system-err>
</testsuite>
